mode: set
github.com/joyent/containerpilot/control/config.go:20.50,22.16 2 1
github.com/joyent/containerpilot/control/config.go:26.2,26.50 1 1
github.com/joyent/containerpilot/control/config.go:30.2,30.17 1 1
github.com/joyent/containerpilot/control/config.go:22.16,24.3 1 1
github.com/joyent/containerpilot/control/config.go:26.50,28.3 1 0
github.com/joyent/containerpilot/control/control.go:29.54,30.16 1 1
github.com/joyent/containerpilot/control/control.go:34.2,39.17 4 1
github.com/joyent/containerpilot/control/control.go:30.16,33.3 2 0
github.com/joyent/containerpilot/control/control.go:43.50,48.12 4 0
github.com/joyent/containerpilot/control/control.go:48.12,50.7 1 0
github.com/joyent/containerpilot/control/control.go:59.3,59.13 1 0
github.com/joyent/containerpilot/control/control.go:50.7,52.17 2 0
github.com/joyent/containerpilot/control/control.go:55.27,56.15 1 0
github.com/joyent/containerpilot/control/control.go:65.32,76.16 9 1
github.com/joyent/containerpilot/control/control.go:80.2,80.12 1 1
github.com/joyent/containerpilot/control/control.go:76.16,78.3 1 0
github.com/joyent/containerpilot/control/control.go:80.12,84.3 3 1
github.com/joyent/containerpilot/control/control.go:89.37,100.42 5 1
github.com/joyent/containerpilot/control/control.go:105.2,108.12 4 1
github.com/joyent/containerpilot/control/control.go:100.42,103.3 2 0
github.com/joyent/containerpilot/control/endpoints.go:25.73,26.33 1 1
github.com/joyent/containerpilot/control/endpoints.go:31.2,32.16 2 1
github.com/joyent/containerpilot/control/endpoints.go:26.33,30.3 3 1
github.com/joyent/containerpilot/control/endpoints.go:33.21,34.18 1 1
github.com/joyent/containerpilot/control/endpoints.go:42.10,43.49 1 0
github.com/joyent/containerpilot/control/endpoints.go:34.18,38.4 3 1
github.com/joyent/containerpilot/control/endpoints.go:38.4,41.4 2 1
github.com/joyent/containerpilot/control/endpoints.go:50.67,54.16 4 1
github.com/joyent/containerpilot/control/endpoints.go:57.2,58.16 2 1
github.com/joyent/containerpilot/control/endpoints.go:61.2,61.40 1 1
github.com/joyent/containerpilot/control/endpoints.go:64.2,64.27 1 1
github.com/joyent/containerpilot/control/endpoints.go:54.16,56.3 1 0
github.com/joyent/containerpilot/control/endpoints.go:58.16,60.3 1 1
github.com/joyent/containerpilot/control/endpoints.go:61.40,63.3 1 1
github.com/joyent/containerpilot/control/endpoints.go:69.67,76.2 6 0
